2025-08-28T17:39:52.151Z [INFO]: >> Bot started - undefined
28-08-2025 19:41:20 [INFO]: >> Bot started - undefined
29-08-2025 13:43:15 [INFO]: >> Bot started - undefined
29-08-2025 14:11:28 [INFO]: >> Bot started - undefined
29-08-2025 14:11:37 [INFO]: >> Bot started - undefined
29-08-2025 14:11:48 [INFO]: >> Bot started - undefined
29-08-2025 14:12:01 [INFO]: >> Bot started - undefined
29-08-2025 14:12:30 [INFO]: >> Bot started - undefined
29-08-2025 15:58:11 [INFO]: Création d'une nouvelle partie - undefined
29-08-2025 15:58:11 [INFO]: le MJ sera : robindu28 - undefined
29-08-2025 15:58:11 [INFO]: le MJ a pour ID : 217754095509831681 - undefined
29-08-2025 15:58:12 [INFO]: Catégorie créée avec l'ID : 1410986901564817580 - undefined
29-08-2025 15:58:12 [INFO]: Channel texte créé avec l'ID : 1410986903603380247 - undefined
29-08-2025 15:58:13 [INFO]: Channel vocal créé avec l'ID : 1410986905075712041 - undefined
29-08-2025 15:58:13 [INFO]: Channel commande-bot créé avec l'ID : 1410986907201961994 - undefined
29-08-2025 15:58:13 [INFO]: Le MJ a été déplacé dans le channel vocal de la partie. - undefined
29-08-2025 15:58:23 [INFO]: Invitation de gabriell57 par robindu28 dans sa partie. - undefined
29-08-2025 15:58:33 [INFO]: Invitation de antho_off par robindu28 dans sa partie. - undefined
29-08-2025 15:58:48 [INFO]: Invitation de dwarwig par robindu28 dans sa partie. - undefined
29-08-2025 15:59:23 [INFO]: Invitation de rip_katakuri_xx15 par robindu28 dans sa partie. - undefined
29-08-2025 16:45:38 [INFO]: >> Bot started - undefined
29-08-2025 16:45:57 [INFO]: Le maitre du jeu a été changé pour dwarwig par robindu28. - undefined
29-08-2025 17:01:10 [INFO]: Le maitre du jeu a été changé pour robindu28 par dwarwig. - undefined
29-08-2025 17:06:16 [INFO]: >> Bot started - undefined
29-08-2025 17:06:42 [INFO]: La partie de robindu28 a été terminée. - undefined
29-08-2025 17:08:58 [INFO]: >> Bot started - undefined
29-08-2025 17:11:14 [INFO]: >> Bot started - undefined
29-08-2025 17:12:36 [INFO]: >> Bot started - undefined
