29-08-2025 16:42:40 [ERROR]: uncaughtException: 
Invalid `prisma.game.update()` invocation in
C:\Users\robin\Dev\lgbot\src\models\Game.ts:41:31

  38 }
  39 public async switchMJ(newMJ:GuildMember): Promise<void> {
  40     this.userId=newMJ.id;
→ 41         await prisma.game.update(
An operation failed because it depends on one or more records that were required but not found. No record was found for an update.
PrismaClientKnownRequestError: 
Invalid `prisma.game.update()` invocation in
C:\Users\robin\Dev\lgbot\src\models\Game.ts:41:31

  38 }
  39 public async switchMJ(newMJ:GuildMember): Promise<void> {
  40     this.userId=newMJ.id;
→ 41         await prisma.game.update(
An operation failed because it depends on one or more records that were required but not found. No record was found for an update.
    at ei.handleRequestError (C:\Users\robin\Dev\lgbot\prisma\generated\prisma\runtime\library.js:124:7283)
    at ei.handleAndLogRequestError (C:\Users\robin\Dev\lgbot\prisma\generated\prisma\runtime\library.js:124:6608)
    at ei.request (C:\Users\robin\Dev\lgbot\prisma\generated\prisma\runtime\library.js:124:6315)
    at async a (C:\Users\robin\Dev\lgbot\prisma\generated\prisma\runtime\library.js:133:9551)
    at async Game.switchMJ (C:\Users\robin\Dev\lgbot\src\models\Game.ts:41:13)
    at async switchMj.switchMj (C:\Users\robin\Dev\lgbot\src\commands\switchmj.ts:17:13)
    at async next (file:///C:/Users/robin/Dev/lgbot/node_modules/discordx/dist/index.mjs:1092:15) - PrismaClientKnownRequestError: 
Invalid `prisma.game.update()` invocation in
C:\Users\robin\Dev\lgbot\src\models\Game.ts:41:31

  38 }
  39 public async switchMJ(newMJ:GuildMember): Promise<void> {
  40     this.userId=newMJ.id;
→ 41         await prisma.game.update(
An operation failed because it depends on one or more records that were required but not found. No record was found for an update.
    at ei.handleRequestError (C:\Users\robin\Dev\lgbot\prisma\generated\prisma\runtime\library.js:124:7283)
    at ei.handleAndLogRequestError (C:\Users\robin\Dev\lgbot\prisma\generated\prisma\runtime\library.js:124:6608)
    at ei.request (C:\Users\robin\Dev\lgbot\prisma\generated\prisma\runtime\library.js:124:6315)
    at async a (C:\Users\robin\Dev\lgbot\prisma\generated\prisma\runtime\library.js:133:9551)
    at async Game.switchMJ (C:\Users\robin\Dev\lgbot\src\models\Game.ts:41:13)
    at async switchMj.switchMj (C:\Users\robin\Dev\lgbot\src\commands\switchmj.ts:17:13)
    at async next (file:///C:/Users/robin/Dev/lgbot/node_modules/discordx/dist/index.mjs:1092:15)
29-08-2025 16:45:57 [ERROR]: uncaughtException: The reply to this interaction has already been sent or deferred.
Error [InteractionAlreadyReplied]: The reply to this interaction has already been sent or deferred.
    at ChatInputCommandInteraction.reply (C:\Users\robin\Dev\lgbot\node_modules\discord.js\src\structures\interfaces\InteractionResponses.js:169:46)
    at switchMj.switchMj (C:\Users\robin\Dev\lgbot\src\commands\switchmj.ts:21:31)
    at process.processTicksAndRejections (node:internal/process/task_queues:105:5)
    at async next (file:///C:/Users/robin/Dev/lgbot/node_modules/discordx/dist/index.mjs:1092:15) - Error [InteractionAlreadyReplied]: The reply to this interaction has already been sent or deferred.
    at ChatInputCommandInteraction.reply (C:\Users\robin\Dev\lgbot\node_modules\discord.js\src\structures\interfaces\InteractionResponses.js:169:46)
    at switchMj.switchMj (C:\Users\robin\Dev\lgbot\src\commands\switchmj.ts:21:31)
    at process.processTicksAndRejections (node:internal/process/task_queues:105:5)
    at async next (file:///C:/Users/robin/Dev/lgbot/node_modules/discordx/dist/index.mjs:1092:15)
